#
# A fatal error has been detected by the Java Runtime Environment:
#
#  EXCEPTION_ACCESS_VIOLATION (0xc0000005) at pc=0x00000000788cd8e3, pid=5500, tid=3900
#
# JRE version: 6.0_17-b04
# Java VM: Java HotSpot(TM) 64-Bit Server VM (14.3-b01 mixed mode windows-amd64 )
# Problematic frame:
# V  [jvm.dll+0x5d8e3]
#
# If you would like to submit a bug report, please visit:
#   http://java.sun.com/webapps/bugreport/crash.jsp
#

---------------  T H R E A D  ---------------

Current thread (0x000000000da52000):  VMThread [stack: 0x0000000050f90000,0x0000000054f90000] [id=3900]

siginfo: ExceptionCode=0xc0000005, writing address 0x0000000000080000

Registers:
EAX=0x0000000000000003, EBX=0x000000002fd62db0, ECX=0x000000002fd62db0, EDX=0x00000d2800003c4c
ESP=0x0000000054f8f0f0, EBP=0x000000002c53edec, ESI=0x000000002fd62de0, EDI=0x0000000000080000
EIP=0x00000000788cd8e3, EFLAGS=0x0000000000010293

Top of Stack: (sp=0x0000000054f8f0f0)
0x0000000054f8f0f0:   0000000000000003 000000002c53edec
0x0000000054f8f100:   000000002f9e1108 0000000000000000
0x0000000054f8f110:   000000002c5201a0 0000000078a4271b
0x0000000054f8f120:   0000000000000003 000000002fd62d40
0x0000000054f8f130:   0000000000000003 000000002c53ede8
0x0000000054f8f140:   000000000551af40 0000000078bf27c0
0x0000000054f8f150:   000000002fd62d30 0000007fffffff00
0x0000000054f8f160:   00000000370e3ee0 00000000370db120
0x0000000054f8f170:   000000000551af40 000000000551ef80
0x0000000054f8f180:   0000000005517f30 0000000078bbbcd8
0x0000000054f8f190:   0000000000000000 0000000000000003
0x0000000054f8f1a0:   0000000000000000 0000000005517580
0x0000000054f8f1b0:   000000000551af40 0000000078c304fd
0x0000000054f8f1c0:   0000000000000000 0000000005517580
0x0000000054f8f1d0:   0000000005517f30 000000000551ef80
0x0000000054f8f1e0:   000000000564c7d0 0000000000027f40 

Instructions: (pc=0x00000000788cd8e3)
0x00000000788cd8d3:   8b 17 48 c7 44 24 30 03 00 00 00 48 8b 44 24 30
0x00000000788cd8e3:   48 89 07 80 3d 04 42 56 00 00 75 1a 0f b6 c2 24 


Stack: [0x0000000050f90000,0x0000000054f90000],  sp=0x0000000054f8f0f0,  free space=65532k
Native frames: (J=compiled Java code, j=interpreted, Vv=VM code, C=native code)
V  [jvm.dll+0x5d8e3]

VM_Operation (0x000000001918da90): ParallelGCFailedAllocation, mode: safepoint, requested by thread 0x000000000f218000


---------------  P R O C E S S  ---------------

Java Threads: ( => current thread )
  0x000000000f4f9800 JavaThread "Code Analyzer updating thread" [_thread_blocked, id=2420, stack(0x0000000061c70000,0x0000000061cf0000)]
  0x000000000f4ef800 JavaThread "Prefs Updater" daemon [_thread_blocked, id=6504, stack(0x00000000617a0000,0x0000000061820000)]
  0x0000000025dfd000 JavaThread "FileDecorationCache request queue" [_thread_blocked, id=6872, stack(0x0000000061910000,0x0000000061990000)]
  0x000000000f4fa000 JavaThread "FileDecorationCache request queue" [_thread_blocked, id=5772, stack(0x0000000061890000,0x0000000061910000)]
  0x000000000f4f1000 JavaThread "pool-6-thread-1" [_thread_blocked, id=5216, stack(0x0000000061330000,0x00000000613b0000)]
  0x000000000f4f8000 JavaThread "Code Analyzer updating thread" [_thread_blocked, id=6768, stack(0x000000006b2d0000,0x000000006b350000)]
  0x000000000f4f7800 JavaThread "Code Analyzer updating thread" [_thread_blocked, id=4268, stack(0x000000006b1c0000,0x000000006b240000)]
  0x000000000f4f6800 JavaThread "Code Analyzer updating thread" [_thread_blocked, id=4720, stack(0x000000006b020000,0x000000006b0a0000)]
  0x000000000f4f6000 JavaThread "Code Analyzer updating thread" [_thread_blocked, id=4148, stack(0x000000006b0b0000,0x000000006b130000)]
  0x000000000f4f5000 JavaThread "Code Analyzer updating thread" [_thread_blocked, id=6704, stack(0x000000006ac50000,0x000000006acd0000)]
  0x000000000f4f4800 JavaThread "Code Analyzer updating thread" [_thread_blocked, id=6716, stack(0x0000000066cd0000,0x0000000066d50000)]
  0x000000000f4f3800 JavaThread "Code Analyzer updating thread" [_thread_blocked, id=3864, stack(0x0000000054fa0000,0x0000000055020000)]
  0x000000000f4f3000 JavaThread "Active Reference Queue Daemon" daemon [_thread_blocked, id=6760, stack(0x000000006ae20000,0x000000006aea0000)]
  0x000000000f4f1800 JavaThread "Timer-8" daemon [_thread_blocked, id=2956, stack(0x000000006aec0000,0x000000006af40000)]
  0x000000000f4f2000 JavaThread "Timer-7" daemon [_thread_blocked, id=572, stack(0x000000006ad00000,0x000000006ad80000)]
  0x000000000f4f0000 JavaThread "Explorer NavigationContext request queue" [_thread_blocked, id=6020, stack(0x000000006abc0000,0x000000006ac40000)]
  0x000000000f4ee800 JavaThread "AddressBar directory emptiness poller" [_thread_blocked, id=4108, stack(0x0000000066b70000,0x0000000066bf0000)]
  0x000000000f4ed000 JavaThread "Timer-1" [_thread_blocked, id=6572, stack(0x0000000055020000,0x00000000550a0000)]
  0x000000000f4ec800 JavaThread "TimerQueue" daemon [_thread_blocked, id=4652, stack(0x000000001d1c0000,0x000000001d240000)]
  0x000000000f4eb800 JavaThread "FelixPackageAdmin" daemon [_thread_blocked, id=3620, stack(0x000000004ce00000,0x000000004ce80000)]
  0x000000000f4eb000 JavaThread "FelixStartLevel" daemon [_thread_blocked, id=3896, stack(0x0000000048c40000,0x0000000048cc0000)]
  0x000000000f1e1000 JavaThread "FelixDispatchQueue" daemon [_thread_blocked, id=2120, stack(0x000000001d2c0000,0x000000001d340000)]
  0x000000000f218000 JavaThread "AWT-EventQueue-0" [_thread_blocked, id=2928, stack(0x0000000019110000,0x0000000019190000)]
  0x000000000f393000 JavaThread "com.google.common.base.internal.Finalizer" daemon [_thread_blocked, id=5472, stack(0x0000000015010000,0x0000000015090000)]
  0x000000000f26e800 JavaThread "AWT-Windows" daemon [_thread_blocked, id=3284, stack(0x0000000010f20000,0x0000000010fa0000)]
  0x000000000f26e000 JavaThread "AWT-Shutdown" [_thread_blocked, id=6500, stack(0x000000000fed0000,0x000000000ff50000)]
  0x000000000f26d000 JavaThread "Java2D Disposer" daemon [_thread_blocked, id=3764, stack(0x000000000fd60000,0x000000000fde0000)]
  0x000000000ed0b800 JavaThread "Timer-0" [_thread_blocked, id=6900, stack(0x000000000df40000,0x000000000dfc0000)]
  0x000000000ed13800 JavaThread "EventMgr Dispatcher" daemon [_thread_in_native, id=6300, stack(0x0000000011000000,0x0000000015000000)]
  0x000000000dac1000 JavaThread "Low Memory Detector" daemon [_thread_blocked, id=5688, stack(0x000000000dfe0000,0x000000000e060000)]
  0x000000000dabd800 JavaThread "CompilerThread1" daemon [_thread_blocked, id=5388, stack(0x00000000591d0000,0x000000005d1d0000)]
  0x000000000daae000 JavaThread "CompilerThread0" daemon [_thread_blocked, id=4880, stack(0x00000000550a0000,0x00000000590a0000)]
  0x000000000daac800 JavaThread "Attach Listener" daemon [_thread_blocked, id=6440, stack(0x000000000de80000,0x000000000df00000)]
  0x00000000055cb800 JavaThread "Finalizer" daemon [_thread_blocked, id=6400, stack(0x000000000dc00000,0x000000000dc80000)]
  0x000000000da55800 JavaThread "Reference Handler" daemon [_thread_blocked, id=2764, stack(0x000000000dd40000,0x000000000ddc0000)]
  0x000000000564f000 JavaThread "main" [_thread_blocked, id=2964, stack(0x00000000001d0000,0x00000000041d0000)]

Other Threads:
=>0x000000000da52000 VMThread [stack: 0x0000000050f90000,0x0000000054f90000] [id=3900]
  0x000000000daec800 WatcherThread [stack: 0x000000005d1d0000,0x00000000611d0000] [id=5920]

VM state:at safepoint (normal execution)

VM Mutex/Monitor currently owned by a thread:  ([mutex/lock_event])
[0x0000000005512a40] Threads_lock - owner thread: 0x000000000da52000
[0x0000000005512f40] Heap_lock - owner thread: 0x000000000f218000

Heap
 PSYoungGen      total 14208K, used 2147K [0x000000003d820000, 0x000000003e920000, 0x0000000040920000)
  eden space 12032K, 0% used [0x000000003d820000,0x000000003d820000,0x000000003e3e0000)
  from space 2176K, 98% used [0x000000003e480000,0x000000003e698dc0,0x000000003e6a0000)
  to   space 2560K, 0% used [0x000000003e6a0000,0x000000003e6a0000,0x000000003e920000)
 PSOldGen        total 75328K, used 75172K [0x0000000034520000, 0x0000000038eb0000, 0x000000003d820000)
  object space 75328K, 99% used [0x0000000034520000,0x0000000038e893d0,0x0000000038eb0000)
 PSPermGen       total 108864K, used 62450K [0x000000002c520000, 0x0000000032f70000, 0x0000000034520000)
  object space 108864K, 57% used [0x000000002c520000,0x000000003021cb78,0x0000000032f70000)

Dynamic libraries:
0x000000013fa90000 - 0x000000013fac2000 	C:\Program Files\MATLAB\R2012a\bin\win64\MATLAB.exe
0x0000000077230000 - 0x00000000773d9000 	C:\Windows\SYSTEM32\ntdll.dll
0x0000000077010000 - 0x000000007712f000 	C:\Windows\system32\kernel32.dll
0x000007fefd370000 - 0x000007fefd3dc000 	C:\Windows\system32\KERNELBASE.dll
0x0000000074460000 - 0x0000000074554000 	C:\Program Files\MATLAB\R2012a\bin\win64\libut.dll
0x00000000758a0000 - 0x0000000075952000 	C:\Program Files\MATLAB\R2012a\bin\win64\libmwi18n.dll
0x0000000180000000 - 0x000000018000b000 	C:\Program Files\MATLAB\R2012a\bin\win64\libmwresource_core.dll
0x00000000734e0000 - 0x00000000735b3000 	C:\Windows\WinSxS\amd64_microsoft.vc90.crt_1fc8b3b9a1e18e3b_9.0.30729.6161_none_08e61857a83bc251\MSVCP90.dll
0x0000000072e90000 - 0x0000000072f33000 	C:\Windows\WinSxS\amd64_microsoft.vc90.crt_1fc8b3b9a1e18e3b_9.0.30729.6161_none_08e61857a83bc251\MSVCR90.dll
0x000000007a170000 - 0x000000007a19c000 	C:\Program Files\MATLAB\R2012a\bin\win64\boost_filesystem-vc90-mt-1_44.dll
0x000000007a560000 - 0x000000007a569000 	C:\Program Files\MATLAB\R2012a\bin\win64\boost_system-vc90-mt-1_44.dll
0x000007feff1a0000 - 0x000007feff27b000 	C:\Windows\system32\ADVAPI32.dll
0x000007fefe910000 - 0x000007fefe9af000 	C:\Windows\system32\msvcrt.dll
0x000007fefe6b0000 - 0x000007fefe6cf000 	C:\Windows\SYSTEM32\sechost.dll
0x000007fefe7e0000 - 0x000007fefe90d000 	C:\Windows\system32\RPCRT4.dll
0x000000007a010000 - 0x000000007a035000 	C:\Program Files\MATLAB\R2012a\bin\win64\LIBEXPAT.dll
0x0000000069ac0000 - 0x0000000069cb1000 	C:\Program Files\MATLAB\R2012a\bin\win64\icuin44.dll
0x0000000069940000 - 0x0000000069ab1000 	C:\Program Files\MATLAB\R2012a\bin\win64\icuuc44.dll
0x0000000010000000 - 0x0000000010e41000 	C:\Program Files\MATLAB\R2012a\bin\win64\icudt44.dll
0x0000000073f70000 - 0x00000000740ad000 	C:\Program Files\MATLAB\R2012a\bin\win64\libmwfl.dll
0x0000000004450000 - 0x0000000004746000 	C:\Program Files\MATLAB\R2012a\bin\win64\libmwMATLAB_res.dll
0x000000007a3b0000 - 0x000000007a3c0000 	C:\Program Files\MATLAB\R2012a\bin\win64\boost_date_time-vc90-mt-1_44.dll
0x000000007a250000 - 0x000000007a263000 	C:\Program Files\MATLAB\R2012a\bin\win64\boost_signals-vc90-mt-1_44.dll
0x000000007a2d0000 - 0x000000007a2e2000 	C:\Program Files\MATLAB\R2012a\bin\win64\boost_thread-vc90-mt-1_44.dll
0x00000000041d0000 - 0x0000000004216000 	C:\Program Files\MATLAB\R2012a\bin\win64\tbb.dll
0x000007feff180000 - 0x000007feff199000 	C:\Windows\system32\imagehlp.dll
0x0000000077400000 - 0x0000000077407000 	C:\Windows\system32\PSAPI.DLL
0x0000000069920000 - 0x0000000069933000 	C:\Program Files\MATLAB\R2012a\bin\win64\icuio44.dll
0x000007fef9280000 - 0x000007fef93a5000 	C:\Windows\system32\dbghelp.dll
0x0000000077130000 - 0x000000007722a000 	C:\Windows\system32\USER32.dll
0x000007fefd550000 - 0x000007fefd5b7000 	C:\Windows\system32\GDI32.dll
0x000007feff490000 - 0x000007feff49e000 	C:\Windows\system32\LPK.dll
0x000007fefeb90000 - 0x000007fefec59000 	C:\Windows\system32\USP10.dll
0x000000007bed0000 - 0x000000007c183000 	C:\Program Files\MATLAB\R2012a\bin\win64\libmwservices.dll
0x0000000075a20000 - 0x0000000075ae2000 	C:\Program Files\MATLAB\R2012a\bin\win64\libmx.dll
0x000000007a210000 - 0x000000007a228000 	C:\Program Files\MATLAB\R2012a\bin\win64\zlib1.dll
0x0000000004240000 - 0x0000000004261000 	C:\Program Files\MATLAB\R2012a\bin\win64\libmwmfl_scalar.dll
0x0000000075f10000 - 0x0000000075f5d000 	C:\Program Files\MATLAB\R2012a\bin\win64\mpath.dll
0x000000007b680000 - 0x000000007bbe1000 	C:\Program Files\MATLAB\R2012a\bin\win64\mlutil.dll
0x00000000698a0000 - 0x000000006991f000 	C:\Program Files\MATLAB\R2012a\bin\win64\xmlcore.dll
0x000000007bc30000 - 0x000000007be83000 	C:\Program Files\MATLAB\R2012a\bin\win64\xerces-c_2_7.dll
0x000007fefe660000 - 0x000007fefe6ad000 	C:\Windows\system32\WS2_32.dll
0x000007fefeea0000 - 0x000007fefeea8000 	C:\Windows\system32\NSI.dll
0x00000000042c0000 - 0x00000000042da000 	C:\Program Files\MATLAB\R2012a\bin\win64\libmwMATLAB_settings_res.dll
0x00000000042f0000 - 0x0000000004337000 	C:\Program Files\MATLAB\R2012a\bin\win64\boost_serialization-vc90-mt-1_44.dll
0x000007fefd8d0000 - 0x000007fefe658000 	C:\Windows\system32\SHELL32.dll
0x000007fefeeb0000 - 0x000007fefef21000 	C:\Windows\system32\SHLWAPI.dll
0x000007fefaca0000 - 0x000007fefad40000 	C:\Windows\WinSxS\amd64_microsoft.windows.common-controls_6595b64144ccf1df_5.82.7601.18201_none_a4d3b9377117c3df\COMCTL32.dll
0x000007feff4a0000 - 0x000007feff537000 	C:\Windows\system32\COMDLG32.dll
0x000007fefac00000 - 0x000007fefac16000 	C:\Windows\system32\NETAPI32.dll
0x000007fefabf0000 - 0x000007fefabfc000 	C:\Windows\system32\netutils.dll
0x000007fefcac0000 - 0x000007fefcae3000 	C:\Windows\system32\srvcli.dll
0x000007fefabd0000 - 0x000007fefabe5000 	C:\Windows\system32\wkscli.dll
0x000007feff280000 - 0x000007feff483000 	C:\Windows\system32\ole32.dll
0x000007feff0a0000 - 0x000007feff177000 	C:\Windows\system32\OLEAUT32.dll
0x0000000074970000 - 0x0000000074b06000 	C:\Program Files\MATLAB\R2012a\bin\win64\mcr.dll
0x0000000075000000 - 0x000000007536b000 	C:\Program Files\MATLAB\R2012a\bin\win64\iqm.dll
0x0000000069070000 - 0x0000000069891000 	C:\Program Files\MATLAB\R2012a\bin\win64\m_interpreter.dll
0x0000000069040000 - 0x0000000069065000 	C:\Program Files\MATLAB\R2012a\bin\win64\libmex.dll
0x0000000068f80000 - 0x0000000069033000 	C:\Program Files\MATLAB\R2012a\bin\win64\m_dispatcher.dll
0x0000000074880000 - 0x000000007496d000 	C:\Program Files\MATLAB\R2012a\bin\win64\boost_regex-vc90-mt-1_44.dll
0x0000000068ef0000 - 0x0000000068f74000 	C:\Program Files\MATLAB\R2012a\bin\win64\profiler.dll
0x00000000047c0000 - 0x0000000004a15000 	C:\Program Files\MATLAB\R2012a\bin\win64\libmwmathutil.dll
0x0000000079f40000 - 0x0000000079f6d000 	C:\Program Files\MATLAB\R2012a\bin\win64\libmwmathrng.dll
0x0000000074c10000 - 0x0000000074ced000 	C:\Program Files\MATLAB\R2012a\bin\win64\libmwmathcore.dll
0x0000000076160000 - 0x00000000761cb000 	C:\Program Files\MATLAB\R2012a\bin\win64\libmwspmatrix.dll
0x0000000075ea0000 - 0x0000000075f02000 	C:\Program Files\MATLAB\R2012a\bin\win64\libmwcholmod.dll
0x000000007a460000 - 0x000000007a46d000 	C:\Program Files\MATLAB\R2012a\bin\win64\libmwamd.dll
0x000000007a4b0000 - 0x000000007a4bc000 	C:\Program Files\MATLAB\R2012a\bin\win64\libmwcolamd.dll
0x0000000068ed0000 - 0x0000000068ee9000 	C:\Program Files\MATLAB\R2012a\bin\win64\libmwblas.dll
0x0000000068eb0000 - 0x0000000068ec2000 	C:\Program Files\MATLAB\R2012a\bin\win64\libmwbinder.dll
0x0000000068ea0000 - 0x0000000068eab000 	C:\Program Files\MATLAB\R2012a\bin\win64\libmwompwrapper.dll
0x0000000068e10000 - 0x0000000068e96000 	C:\Program Files\MATLAB\R2012a\bin\win64\libmwlapack.dll
0x0000000068de0000 - 0x0000000068e01000 	C:\Program Files\MATLAB\R2012a\bin\win64\m_pcodeio.dll
0x0000000079b10000 - 0x0000000079b77000 	C:\Program Files\MATLAB\R2012a\bin\win64\m_ir.dll
0x00000000682f0000 - 0x0000000068940000 	C:\Program Files\MATLAB\R2012a\bin\win64\m_parser.dll
0x0000000068dc0000 - 0x0000000068dda000 	C:\Program Files\MATLAB\R2012a\bin\win64\ir_xfmr.dll
0x0000000068b40000 - 0x0000000068db9000 	C:\Program Files\MATLAB\R2012a\bin\win64\mcos.dll
0x0000000068b30000 - 0x0000000068b3c000 	C:\Program Files\MATLAB\R2012a\bin\win64\mtok.dll
0x0000000068af0000 - 0x0000000068b21000 	C:\Program Files\MATLAB\R2012a\bin\win64\m_pcodegen.dll
0x0000000079fb0000 - 0x0000000079fe7000 	C:\Program Files\MATLAB\R2012a\bin\win64\libmwbridge.dll
0x0000000068a20000 - 0x0000000068ae8000 	C:\Program Files\MATLAB\R2012a\bin\win64\udd.dll
0x0000000068190000 - 0x00000000682e2000 	C:\Program Files\MATLAB\R2012a\bin\win64\libmwgui.dll
0x0000000068a00000 - 0x0000000068a17000 	C:\Program Files\MATLAB\R2012a\bin\win64\graphics_util.dll
0x0000000067420000 - 0x0000000067dc3000 	C:\Program Files\MATLAB\R2012a\bin\win64\hg.dll
0x0000000004b90000 - 0x0000000004bf7000 	C:\Program Files\MATLAB\R2012a\bin\win64\libmat.dll
0x0000000004c10000 - 0x0000000004e24000 	C:\Program Files\MATLAB\R2012a\bin\win64\hdf5dll.dll
0x0000000075710000 - 0x00000000757c1000 	C:\Program Files\MATLAB\R2012a\bin\win64\jmi.dll
0x0000000004e50000 - 0x0000000004e5e000 	C:\Program Files\MATLAB\R2012a\bin\win64\nativejava_services.dll
0x00000000689b0000 - 0x00000000689f2000 	C:\Program Files\MATLAB\R2012a\bin\win64\libmwhardcopy.dll
0x0000000068950000 - 0x00000000689aa000 	C:\Program Files\MATLAB\R2012a\bin\win64\libuij.dll
0x0000000067f80000 - 0x000000006818c000 	C:\Program Files\MATLAB\R2012a\bin\win64\hgdatatypes.dll
0x0000000067e80000 - 0x0000000067f7d000 	C:\Program Files\MATLAB\R2012a\bin\win64\hgutils.dll
0x0000000067360000 - 0x000000006741d000 	C:\Program Files\MATLAB\R2012a\bin\win64\udd_mi.dll
0x0000000004ec0000 - 0x0000000004efb000 	C:\Program Files\MATLAB\R2012a\bin\win64\libmwgbtutils.dll
0x0000000004f10000 - 0x0000000004f29000 	C:\Program Files\MATLAB\R2012a\bin\win64\libmwgbt.dll
0x0000000004f40000 - 0x000000000520a000 	C:\Program Files\MATLAB\R2012a\bin\win64\uiw.dll
0x0000000067e20000 - 0x0000000067e2f000 	C:\Program Files\MATLAB\R2012a\bin\win64\uinone.dll
0x000007fef9ac0000 - 0x000007fef9ad8000 	C:\Windows\system32\MPR.dll
0x0000000066e70000 - 0x0000000067354000 	C:\Windows\WinSxS\amd64_microsoft.vc90.mfc_1fc8b3b9a1e18e3b_9.0.30729.6161_none_044aad0bab1eb146\mfc90.dll
0x000007fef63f0000 - 0x000007fef63f7000 	C:\Windows\system32\MSIMG32.dll
0x000007fefbf10000 - 0x000007fefbf81000 	C:\Windows\system32\WINSPOOL.DRV
0x0000000066e50000 - 0x0000000066e70000 	C:\Program Files\MATLAB\R2012a\bin\win64\mwoles05.DLL
0x0000000066dd0000 - 0x0000000066e4c000 	C:\Program Files\MATLAB\R2012a\bin\win64\comcli.dll
0x000000006b770000 - 0x000000006b79f000 	C:\Windows\WinSxS\amd64_microsoft.vc90.atl_1fc8b3b9a1e18e3b_9.0.30729.6161_none_0a1fd3a3a768b895\ATL90.DLL
0x0000000067e10000 - 0x0000000067e1c000 	C:\Program Files\MATLAB\R2012a\bin\win64\mlautoregister.dll
0x0000000005260000 - 0x0000000005270000 	C:\Program Files\MATLAB\R2012a\bin\win64\boost_iostreams-vc90-mt-1_44.dll
0x000007fefce40000 - 0x000007fefce97000 	C:\Windows\system32\apphelp.dll
0x000007fee6e40000 - 0x000007fee6e91000 	C:\Windows\AppPatch\AppPatch64\AcGenral.DLL
0x000007fefce10000 - 0x000007fefce35000 	C:\Windows\system32\SspiCli.dll
0x0000000073940000 - 0x0000000073943000 	C:\Windows\system32\sfc.dll
0x000007fefbda0000 - 0x000007fefbdb0000 	C:\Windows\system32\sfc_os.DLL
0x000007fefd170000 - 0x000007fefd18e000 	C:\Windows\system32\USERENV.dll
0x000007fefd040000 - 0x000007fefd04f000 	C:\Windows\system32\profapi.dll
0x000007fefb3e0000 - 0x000007fefb3f8000 	C:\Windows\system32\dwmapi.dll
0x000007fefd520000 - 0x000007fefd54e000 	C:\Windows\system32\IMM32.DLL
0x000007fefe6d0000 - 0x000007fefe7d9000 	C:\Windows\system32\MSCTF.dll
0x000007fefb4a0000 - 0x000007fefb4f6000 	C:\Windows\system32\UxTheme.dll
0x0000000073c50000 - 0x0000000073c5d000 	C:\Windows\WinSxS\amd64_microsoft.vc90.mfcloc_1fc8b3b9a1e18e3b_9.0.30729.6161_none_01c9581e60cbee58\MFC90ENU.DLL
0x0000000005610000 - 0x0000000005639000 	C:\Program Files\MATLAB\R2012a\bin\win64\tbbmalloc.dll
0x0000000078870000 - 0x0000000078ecd000 	C:\Program Files\MATLAB\R2012a\sys\java\jre\win64\jre\bin\server\jvm.dll
0x000007fefb590000 - 0x000007fefb5cb000 	C:\Windows\system32\WINMM.dll
0x000007fefa470000 - 0x000007fefa497000 	C:\Windows\system32\iphlpapi.dll
0x000007fefa400000 - 0x000007fefa40b000 	C:\Windows\system32\WINNSI.DLL
0x000007fefc630000 - 0x000007fefc68b000 	C:\Windows\system32\DNSAPI.dll
0x000007fefa200000 - 0x000007fefa218000 	C:\Windows\system32\dhcpcsvc.DLL
0x000007fefa2c0000 - 0x000007fefa2d1000 	C:\Windows\system32\dhcpcsvc6.DLL
0x0000000066d60000 - 0x0000000066d63000 	C:\Windows\system32\icmp.Dll

VM Arguments:
jvm_args: -Xss512k -XX:PermSize=32m -Xms64m -XX:NewRatio=3 -XX:MaxPermSize=128m -Xmx196m -XX:MaxDirectMemorySize=2147400000 -Dsun.java2d.noddraw=true -Dsun.awt.nopixfmt=true -Xshare:off -Xrs -Dsun.awt.disableMixing=true -Djava.library.path=C:\Program Files\MATLAB\R2012a\bin\win64 vfprintf abort 
java_command: <unknown>
Launcher Type: generic

Environment Variables:
PATH=C:\Program Files (x86)\Common Files\NetSarang;C:\Program Files (x86)\MiKTeX 2.9\miktex\bin;C:\Program Files\Common Files\Microsoft Shared\Windows Live;C:\Program Files (x86)\Common Files\Microsoft Shared\Windows Live;C:\Windows\system32;C:\Windows;C:\Windows\System32\Wbem;C:\Windows\System32\WindowsPowerShell\v1.0\;C:\Program Files (x86)\Windows Live\Shared;C:\Program Files (x86)\ATI Technologies\ATI.ACE\Core-Static;c:\Program Files (x86)\Microsoft SQL Server\100\Tools\Binn\;c:\Program Files\Microsoft SQL Server\100\Tools\Binn\;c:\Program Files\Microsoft SQL Server\100\DTS\Binn\;C:\Program Files\MATLAB\R2012a\runtime\win64;C:\Program Files\MATLAB\R2012a\bin;C:\Program Files (x86)\IVI Foundation\IVI\bin;C:\Program Files\IVI Foundation\IVI\bin;C:\Program Files\IVI Foundation\VISA\Win64\Bin\;C:\Program Files (x86)\IVI Foundation\VISA\WinNT\Bin\;C:\PROGRA~2\IVIFOU~1\VISA\WinNT\Bin;C:\Program Files (x86)\Aperio\Common;C:\Program Files (x86)\Bitvise SSH Client
USERNAME=g6
OS=Windows_NT
PROCESSOR_IDENTIFIER=Intel64 Family 6 Model 42 Stepping 7, GenuineIntel



---------------  S Y S T E M  ---------------

OS: Windows 7 Build 7601 Service Pack 1

CPU:total 4 (8 cores per cpu, 2 threads per core) family 6 model 42 stepping 7, cmov, cx8, fxsr, mmx, sse, sse2, sse3, ssse3, sse4.1, sse4.2, ht

Memory: 4k page, physical 4140912k(1289000k free), swap 8279960k(4066020k free)

vm_info: Java HotSpot(TM) 64-Bit Server VM (14.3-b01) for windows-amd64 JRE (1.6.0_17-b04), built on Oct 11 2009 00:46:08 by "java_re" with MS VC++ 8.0

time: Tue Sep 30 17:05:34 2014
elapsed time: 1224 seconds

